MongooseError: Operation `users.findOne()` buffering timed out after 10000ms
    at Timeout.<anonymous> (/data/data/com.termux/files/home/js/express/SamerBlog_test/node_modules/mongoose/lib/drivers/node-mongodb-native/collection.js:185:23)
    at listOnTimeout (node:internal/timers:568:17)
    at process.processTimers (node:internal/timers:511:7)


MongooseError: Operation `users.findOne()` buffering timed out after 10000ms
    at Timeout.<anonymous> (/data/data/com.termux/files/home/js/express/SamerBlog_test/node_modules/mongoose/lib/drivers/node-mongodb-native/collection.js:185:23)
    at listOnTimeout (node:internal/timers:568:17)
    at process.processTimers (node:internal/timers:511:7)


MongooseError: Operation `users.findOne()` buffering timed out after 10000ms
    at Timeout.<anonymous> (/data/data/com.termux/files/home/js/express/SamerBlog_test/node_modules/mongoose/lib/drivers/node-mongodb-native/collection.js:185:23)
    at listOnTimeout (node:internal/timers:568:17)
    at process.processTimers (node:internal/timers:511:7)


MongooseError: Operation `users.findOne()` buffering timed out after 10000ms
    at Timeout.<anonymous> (/data/data/com.termux/files/home/js/express/SamerBlog_test/node_modules/mongoose/lib/drivers/node-mongodb-native/collection.js:185:23)
    at listOnTimeout (node:internal/timers:568:17)
    at process.processTimers (node:internal/timers:511:7)


MongooseError: Operation `users.findOne()` buffering timed out after 10000ms
    at Timeout.<anonymous> (/data/data/com.termux/files/home/js/express/SamerBlog_test/node_modules/mongoose/lib/drivers/node-mongodb-native/collection.js:185:23)
    at listOnTimeout (node:internal/timers:568:17)
    at process.processTimers (node:internal/timers:511:7)


MongooseError: Operation `users.findOne()` buffering timed out after 10000ms
    at Timeout.<anonymous> (/data/data/com.termux/files/home/js/express/SamerBlog_test/node_modules/mongoose/lib/drivers/node-mongodb-native/collection.js:185:23)
    at listOnTimeout (node:internal/timers:568:17)
    at process.processTimers (node:internal/timers:511:7)


MongooseError: Operation `users.findOne()` buffering timed out after 10000ms
    at Timeout.<anonymous> (/data/data/com.termux/files/home/js/express/SamerBlog_test/node_modules/mongoose/lib/drivers/node-mongodb-native/collection.js:185:23)
    at listOnTimeout (node:internal/timers:568:17)
    at process.processTimers (node:internal/timers:511:7)


MongooseError: Operation `users.findOne()` buffering timed out after 10000ms
    at Timeout.<anonymous> (/data/data/com.termux/files/home/js/express/SamerBlog_test/node_modules/mongoose/lib/drivers/node-mongodb-native/collection.js:185:23)
    at listOnTimeout (node:internal/timers:568:17)
    at process.processTimers (node:internal/timers:511:7)


Error: jd
    at method (/data/data/com.termux/files/home/js/express/SamerBlog_test/app/http/controllers/AuthController.js:209:12)
    at /data/data/com.termux/files/home/js/express/SamerBlog_test/app/http/controllers/BaseController.js:14:22
    at Layer.handle [as handle_request] (/data/data/com.termux/files/home/js/express/SamerBlog_test/node_modules/express/lib/router/layer.js:95:5)
    at next (/data/data/com.termux/files/home/js/express/SamerBlog_test/node_modules/express/lib/router/route.js:144:13)
    at Route.dispatch (/data/data/com.termux/files/home/js/express/SamerBlog_test/node_modules/express/lib/router/route.js:114:3)
    at Layer.handle [as handle_request] (/data/data/com.termux/files/home/js/express/SamerBlog_test/node_modules/express/lib/router/layer.js:95:5)
    at /data/data/com.termux/files/home/js/express/SamerBlog_test/node_modules/express/lib/router/index.js:284:15
    at Function.process_params (/data/data/com.termux/files/home/js/express/SamerBlog_test/node_modules/express/lib/router/index.js:346:12)
    at next (/data/data/com.termux/files/home/js/express/SamerBlog_test/node_modules/express/lib/router/index.js:280:10)
    at Function.handle (/data/data/com.termux/files/home/js/express/SamerBlog_test/node_modules/express/lib/router/index.js:175:3)


ReferenceError: next is not defined
    at method (/data/data/com.termux/files/home/js/express/SamerBlog_test/app/http/controllers/AuthController.js:209:7)
    at /data/data/com.termux/files/home/js/express/SamerBlog_test/app/http/controllers/BaseController.js:14:22
    at Layer.handle [as handle_request] (/data/data/com.termux/files/home/js/express/SamerBlog_test/node_modules/express/lib/router/layer.js:95:5)
    at next (/data/data/com.termux/files/home/js/express/SamerBlog_test/node_modules/express/lib/router/route.js:144:13)
    at Route.dispatch (/data/data/com.termux/files/home/js/express/SamerBlog_test/node_modules/express/lib/router/route.js:114:3)
    at Layer.handle [as handle_request] (/data/data/com.termux/files/home/js/express/SamerBlog_test/node_modules/express/lib/router/layer.js:95:5)
    at /data/data/com.termux/files/home/js/express/SamerBlog_test/node_modules/express/lib/router/index.js:284:15
    at Function.process_params (/data/data/com.termux/files/home/js/express/SamerBlog_test/node_modules/express/lib/router/index.js:346:12)
    at next (/data/data/com.termux/files/home/js/express/SamerBlog_test/node_modules/express/lib/router/index.js:280:10)
    at Function.handle (/data/data/com.termux/files/home/js/express/SamerBlog_test/node_modules/express/lib/router/index.js:175:3)


MongooseError: Operation `users.find()` buffering timed out after 10000ms
    at Timeout.<anonymous> (/data/data/com.termux/files/home/js/express/SamerBlog_test/node_modules/mongoose/lib/drivers/node-mongodb-native/collection.js:185:23)
    at listOnTimeout (node:internal/timers:568:17)
    at process.processTimers (node:internal/timers:511:7)


MongooseError: Operation `users.find()` buffering timed out after 10000ms
    at Timeout.<anonymous> (/data/data/com.termux/files/home/js/express/SamerBlog_test/node_modules/mongoose/lib/drivers/node-mongodb-native/collection.js:185:23)
    at listOnTimeout (node:internal/timers:568:17)
    at process.processTimers (node:internal/timers:511:7)


TypeError: req.user is not a function
    at method (/data/data/com.termux/files/home/js/express/SamerBlog_test/app/http/controllers/AuthController.js:204:20)
    at /data/data/com.termux/files/home/js/express/SamerBlog_test/app/http/controllers/BaseController.js:14:22
    at Layer.handle [as handle_request] (/data/data/com.termux/files/home/js/express/SamerBlog_test/node_modules/express/lib/router/layer.js:95:5)
    at next (/data/data/com.termux/files/home/js/express/SamerBlog_test/node_modules/express/lib/router/route.js:144:13)
    at Route.dispatch (/data/data/com.termux/files/home/js/express/SamerBlog_test/node_modules/express/lib/router/route.js:114:3)
    at Layer.handle [as handle_request] (/data/data/com.termux/files/home/js/express/SamerBlog_test/node_modules/express/lib/router/layer.js:95:5)
    at /data/data/com.termux/files/home/js/express/SamerBlog_test/node_modules/express/lib/router/index.js:284:15
    at Function.process_params (/data/data/com.termux/files/home/js/express/SamerBlog_test/node_modules/express/lib/router/index.js:346:12)
    at next (/data/data/com.termux/files/home/js/express/SamerBlog_test/node_modules/express/lib/router/index.js:280:10)
    at Function.handle (/data/data/com.termux/files/home/js/express/SamerBlog_test/node_modules/express/lib/router/index.js:175:3)


